<?xml version="1.0" encoding="UTF-8"?>
<!-- Generated by org.testng.reporters.JUnitReportReporter -->
<testsuite hostname="DESKTOP-8RA18NN" failures="0" tests="1" name="com.qa.tests.GetaPITest" time="1.093" errors="0" timestamp="25 Sep 2019 18:08:48 GMT">
  <testcase classname="com.qa.tests.GetaPITest" name="setup" time="1.093"/>
</testsuite> <!-- com.qa.tests.GetaPITest -->
